# JRE version: OpenJDK Runtime Environment Temurin-21.0.1+12 (21.0.1+12) (build 21.0.1+12-LTS)
# Java VM: OpenJDK 64-Bit Server VM Temurin-21.0.1+12 (21.0.1+12-LTS, mixed mode, sharing, tiered, compressed oops, compressed class ptrs, g1 gc, windows-amd64)
GC Precious Log:
 CardTable entry size: 512
 Card Set container configuration: InlinePtr #cards 5 size 8 Array Of Cards #cards 12 size 40 Howl #buckets 4 coarsen threshold 1843 Howl Bitmap #cards 512 size 80 coarsen threshold 460 Card regions per heap region 1 cards per card region 2048
 CPUs: 12 total, 12 available
 Memory: 7967M
 Large Page Support: Disabled
 NUMA Support: Disabled
 Compressed Oops: Enabled (32-bit)
 Heap Region Size: 1M
 Heap Min Capacity: 8M
 Heap Initial Capacity: 126M
 Heap Max Capacity: 1992M
 Pre-touch: Disabled
 Parallel Workers: 10
 Concurrent Workers: 3
 Concurrent Refinement Workers: 10
 Periodic GC: Disabled
Heap:
 garbage-first heap   total 129024K, used 41270K [0x0000000083800000, 0x0000000100000000)
  region size 1024K, 28 young (28672K), 7 survivors (7168K)
 Metaspace       used 17236K, committed 17472K, reserved 1114112K
  class space    used 1902K, committed 1984K, reserved 1048576K
GC Heap History (8 events):
Event: 2.437 GC heap before
{Heap before GC invocations=0 (full 0):
 garbage-first heap   total 129024K, used 22528K [0x0000000083800000, 0x0000000100000000)
  region size 1024K, 23 young (23552K), 0 survivors (0K)
 Metaspace       used 5966K, committed 6144K, reserved 1114112K
  class space    used 690K, committed 768K, reserved 1048576K
}
Event: 2.462 GC heap after
{Heap after GC invocations=1 (full 0):
 garbage-first heap   total 129024K, used 3850K [0x0000000083800000, 0x0000000100000000)
  region size 1024K, 3 young (3072K), 3 survivors (3072K)
 Metaspace       used 5966K, committed 6144K, reserved 1114112K
  class space    used 690K, committed 768K, reserved 1048576K
}
Event: 3.968 GC heap before
{Heap before GC invocations=1 (full 0):
 garbage-first heap   total 129024K, used 34570K [0x0000000083800000, 0x0000000100000000)
  region size 1024K, 33 young (33792K), 3 survivors (3072K)
 Metaspace       used 10154K, committed 10304K, reserved 1114112K
  class space    used 1208K, committed 1280K, reserved 1048576K
}
Event: 3.981 GC heap after
{Heap after GC invocations=2 (full 0):
 garbage-first heap   total 129024K, used 5822K [0x0000000083800000, 0x0000000100000000)
  region size 1024K, 2 young (2048K), 2 survivors (2048K)
 Metaspace       used 10154K, committed 10304K, reserved 1114112K
  class space    used 1208K, committed 1280K, reserved 1048576K
}
Event: 8.463 GC heap before
{Heap before GC invocations=2 (full 0):
 garbage-first heap   total 129024K, used 80574K [0x0000000083800000, 0x0000000100000000)
  region size 1024K, 75 young (76800K), 2 survivors (2048K)
 Metaspace       used 16325K, committed 16576K, reserved 1114112K
  class space    used 1884K, committed 1984K, reserved 1048576K
}
Event: 8.497 GC heap after
{Heap after GC invocations=3 (full 0):
 garbage-first heap   total 129024K, used 14182K [0x0000000083800000, 0x0000000100000000)
  region size 1024K, 10 young (10240K), 10 survivors (10240K)
 Metaspace       used 16325K, committed 16576K, reserved 1114112K
  class space    used 1884K, committed 1984K, reserved 1048576K
}
Event: 10.996 GC heap before
{Heap before GC invocations=3 (full 0):
 garbage-first heap   total 129024K, used 80742K [0x0000000083800000, 0x0000000100000000)
  region size 1024K, 75 young (76800K), 10 survivors (10240K)
 Metaspace       used 16940K, committed 17152K, reserved 1114112K
  class space    used 1887K, committed 1984K, reserved 1048576K
}
Event: 11.035 GC heap after
{Heap after GC invocations=4 (full 0):
 garbage-first heap   total 129024K, used 20790K [0x0000000083800000, 0x0000000100000000)
  region size 1024K, 7 young (7168K), 7 survivors (7168K)
 Metaspace       used 16940K, committed 17152K, reserved 1114112K
  class space    used 1887K, committed 1984K, reserved 1048576K
}

