# JRE version: OpenJDK Runtime Environment Temurin-17.0.10+7 (17.0.10+7) (build 17.0.10+7)
# Java VM: OpenJDK 64-Bit Server VM Temurin-17.0.10+7 (17.0.10+7, mixed mode, tiered, compressed oops, compressed class ptrs, parallel gc, windows-amd64)
GC Precious Log:
 CPUs: 12 total, 12 available
 Memory: 7967M
 Large Page Support: Disabled
 NUMA Support: Disabled
 Compressed Oops: Enabled (32-bit)
 Alignments: Space 512K, Generation 512K, Heap 2M
 Heap Min Capacity: 100M
 Heap Initial Capacity: 100M
 Heap Max Capacity: 1G
 Pre-touch: Disabled
 Parallel Workers: 10
Heap:
 PSYoungGen      total 6144K, used 2992K [0x00000000eab00000, 0x00000000eb280000, 0x0000000100000000)
  eden space 4608K, 35% used [0x00000000eab00000,0x00000000eac980e0,0x00000000eaf80000)
  from space 1536K, 88% used [0x00000000eaf80000,0x00000000eb0d42b0,0x00000000eb100000)
  to   space 1536K, 0% used [0x00000000eb100000,0x00000000eb100000,0x00000000eb280000)
 ParOldGen       total 84992K, used 82367K [0x00000000c0000000, 0x00000000c5300000, 0x00000000eab00000)
  object space 84992K, 96% used [0x00000000c0000000,0x00000000c506fda0,0x00000000c5300000)
 Metaspace       used 58724K, committed 60032K, reserved 1114112K
  class space    used 6281K, committed 6912K, reserved 1048576K
GC Heap History (20 events):
Event: 24.361 GC heap before
{Heap before GC invocations=59 (full 3):
 PSYoungGen      total 8192K, used 8160K [0x00000000eab00000, 0x00000000eb900000, 0x0000000100000000)
  eden space 6656K, 100% used [0x00000000eab00000,0x00000000eb180000,0x00000000eb180000)
  from space 1536K, 97% used [0x00000000eb480000,0x00000000eb5f8008,0x00000000eb600000)
  to   space 3072K, 0% used [0x00000000eb180000,0x00000000eb180000,0x00000000eb480000)
 ParOldGen       total 84992K, used 69359K [0x00000000c0000000, 0x00000000c5300000, 0x00000000eab00000)
  object space 84992K, 81% used [0x00000000c0000000,0x00000000c43bbe70,0x00000000c5300000)
 Metaspace       used 58111K, committed 59456K, reserved 1114112K
  class space    used 6222K, committed 6848K, reserved 1048576K
}
Event: 24.364 GC heap after
{Heap after GC invocations=59 (full 3):
 PSYoungGen      total 8192K, used 1260K [0x00000000eab00000, 0x00000000eb580000, 0x0000000100000000)
  eden space 6656K, 0% used [0x00000000eab00000,0x00000000eab00000,0x00000000eb180000)
  from space 1536K, 82% used [0x00000000eb180000,0x00000000eb2bb250,0x00000000eb300000)
  to   space 2048K, 0% used [0x00000000eb380000,0x00000000eb380000,0x00000000eb580000)
 ParOldGen       total 84992K, used 70751K [0x00000000c0000000, 0x00000000c5300000, 0x00000000eab00000)
  object space 84992K, 83% used [0x00000000c0000000,0x00000000c4517f60,0x00000000c5300000)
 Metaspace       used 58111K, committed 59456K, reserved 1114112K
  class space    used 6222K, committed 6848K, reserved 1048576K
}
Event: 24.471 GC heap before
{Heap before GC invocations=60 (full 3):
 PSYoungGen      total 8192K, used 7916K [0x00000000eab00000, 0x00000000eb580000, 0x0000000100000000)
  eden space 6656K, 100% used [0x00000000eab00000,0x00000000eb180000,0x00000000eb180000)
  from space 1536K, 82% used [0x00000000eb180000,0x00000000eb2bb250,0x00000000eb300000)
  to   space 2048K, 0% used [0x00000000eb380000,0x00000000eb380000,0x00000000eb580000)
 ParOldGen       total 84992K, used 70751K [0x00000000c0000000, 0x00000000c5300000, 0x00000000eab00000)
  object space 84992K, 83% used [0x00000000c0000000,0x00000000c4517f60,0x00000000c5300000)
 Metaspace       used 58587K, committed 59840K, reserved 1114112K
  class space    used 6267K, committed 6848K, reserved 1048576K
}
Event: 24.474 GC heap after
{Heap after GC invocations=60 (full 3):
 PSYoungGen      total 8192K, used 1077K [0x00000000eab00000, 0x00000000eb500000, 0x0000000100000000)
  eden space 6656K, 0% used [0x00000000eab00000,0x00000000eab00000,0x00000000eb180000)
  from space 1536K, 70% used [0x00000000eb380000,0x00000000eb48d500,0x00000000eb500000)
  to   space 1536K, 0% used [0x00000000eb180000,0x00000000eb180000,0x00000000eb300000)
 ParOldGen       total 84992K, used 71815K [0x00000000c0000000, 0x00000000c5300000, 0x00000000eab00000)
  object space 84992K, 84% used [0x00000000c0000000,0x00000000c4621c40,0x00000000c5300000)
 Metaspace       used 58587K, committed 59840K, reserved 1114112K
  class space    used 6267K, committed 6848K, reserved 1048576K
}
Event: 24.540 GC heap before
{Heap before GC invocations=61 (full 3):
 PSYoungGen      total 8192K, used 7733K [0x00000000eab00000, 0x00000000eb500000, 0x0000000100000000)
  eden space 6656K, 100% used [0x00000000eab00000,0x00000000eb180000,0x00000000eb180000)
  from space 1536K, 70% used [0x00000000eb380000,0x00000000eb48d500,0x00000000eb500000)
  to   space 1536K, 0% used [0x00000000eb180000,0x00000000eb180000,0x00000000eb300000)
 ParOldGen       total 84992K, used 71815K [0x00000000c0000000, 0x00000000c5300000, 0x00000000eab00000)
  object space 84992K, 84% used [0x00000000c0000000,0x00000000c4621c40,0x00000000c5300000)
 Metaspace       used 58666K, committed 59904K, reserved 1114112K
  class space    used 6275K, committed 6848K, reserved 1048576K
}
Event: 24.542 GC heap after
{Heap after GC invocations=61 (full 3):
 PSYoungGen      total 8192K, used 1520K [0x00000000eab00000, 0x00000000eb580000, 0x0000000100000000)
  eden space 6656K, 0% used [0x00000000eab00000,0x00000000eab00000,0x00000000eb180000)
  from space 1536K, 98% used [0x00000000eb180000,0x00000000eb2fc010,0x00000000eb300000)
  to   space 2048K, 0% used [0x00000000eb380000,0x00000000eb380000,0x00000000eb580000)
 ParOldGen       total 84992K, used 72610K [0x00000000c0000000, 0x00000000c5300000, 0x00000000eab00000)
  object space 84992K, 85% used [0x00000000c0000000,0x00000000c46e8a40,0x00000000c5300000)
 Metaspace       used 58666K, committed 59904K, reserved 1114112K
  class space    used 6275K, committed 6848K, reserved 1048576K
}
Event: 24.589 GC heap before
{Heap before GC invocations=62 (full 3):
 PSYoungGen      total 8192K, used 8176K [0x00000000eab00000, 0x00000000eb580000, 0x0000000100000000)
  eden space 6656K, 100% used [0x00000000eab00000,0x00000000eb180000,0x00000000eb180000)
  from space 1536K, 98% used [0x00000000eb180000,0x00000000eb2fc010,0x00000000eb300000)
  to   space 2048K, 0% used [0x00000000eb380000,0x00000000eb380000,0x00000000eb580000)
 ParOldGen       total 84992K, used 72610K [0x00000000c0000000, 0x00000000c5300000, 0x00000000eab00000)
  object space 84992K, 85% used [0x00000000c0000000,0x00000000c46e8a40,0x00000000c5300000)
 Metaspace       used 58705K, committed 60032K, reserved 1114112K
  class space    used 6278K, committed 6912K, reserved 1048576K
}
Event: 24.592 GC heap after
{Heap after GC invocations=62 (full 3):
 PSYoungGen      total 8704K, used 1566K [0x00000000eab00000, 0x00000000eb580000, 0x0000000100000000)
  eden space 6656K, 0% used [0x00000000eab00000,0x00000000eab00000,0x00000000eb180000)
  from space 2048K, 76% used [0x00000000eb380000,0x00000000eb507b28,0x00000000eb580000)
  to   space 2048K, 0% used [0x00000000eb180000,0x00000000eb180000,0x00000000eb380000)
 ParOldGen       total 84992K, used 73949K [0x00000000c0000000, 0x00000000c5300000, 0x00000000eab00000)
  object space 84992K, 87% used [0x00000000c0000000,0x00000000c48374f0,0x00000000c5300000)
 Metaspace       used 58705K, committed 60032K, reserved 1114112K
  class space    used 6278K, committed 6912K, reserved 1048576K
}
Event: 24.650 GC heap before
{Heap before GC invocations=63 (full 3):
 PSYoungGen      total 8704K, used 8222K [0x00000000eab00000, 0x00000000eb580000, 0x0000000100000000)
  eden space 6656K, 100% used [0x00000000eab00000,0x00000000eb180000,0x00000000eb180000)
  from space 2048K, 76% used [0x00000000eb380000,0x00000000eb507b28,0x00000000eb580000)
  to   space 2048K, 0% used [0x00000000eb180000,0x00000000eb180000,0x00000000eb380000)
 ParOldGen       total 84992K, used 73949K [0x00000000c0000000, 0x00000000c5300000, 0x00000000eab00000)
  object space 84992K, 87% used [0x00000000c0000000,0x00000000c48374f0,0x00000000c5300000)
 Metaspace       used 58720K, committed 60032K, reserved 1114112K
  class space    used 6281K, committed 6912K, reserved 1048576K
}
Event: 24.652 GC heap after
{Heap after GC invocations=63 (full 3):
 PSYoungGen      total 8192K, used 1440K [0x00000000eab00000, 0x00000000eb480000, 0x0000000100000000)
  eden space 6656K, 0% used [0x00000000eab00000,0x00000000eab00000,0x00000000eb180000)
  from space 1536K, 93% used [0x00000000eb180000,0x00000000eb2e8000,0x00000000eb300000)
  to   space 1536K, 0% used [0x00000000eb300000,0x00000000eb300000,0x00000000eb480000)
 ParOldGen       total 84992K, used 75350K [0x00000000c0000000, 0x00000000c5300000, 0x00000000eab00000)
  object space 84992K, 88% used [0x00000000c0000000,0x00000000c4995ae0,0x00000000c5300000)
 Metaspace       used 58720K, committed 60032K, reserved 1114112K
  class space    used 6281K, committed 6912K, reserved 1048576K
}
Event: 24.712 GC heap before
{Heap before GC invocations=64 (full 3):
 PSYoungGen      total 8192K, used 8096K [0x00000000eab00000, 0x00000000eb480000, 0x0000000100000000)
  eden space 6656K, 100% used [0x00000000eab00000,0x00000000eb180000,0x00000000eb180000)
  from space 1536K, 93% used [0x00000000eb180000,0x00000000eb2e8000,0x00000000eb300000)
  to   space 1536K, 0% used [0x00000000eb300000,0x00000000eb300000,0x00000000eb480000)
 ParOldGen       total 84992K, used 75350K [0x00000000c0000000, 0x00000000c5300000, 0x00000000eab00000)
  object space 84992K, 88% used [0x00000000c0000000,0x00000000c4995ae0,0x00000000c5300000)
 Metaspace       used 58720K, committed 60032K, reserved 1114112K
  class space    used 6281K, committed 6912K, reserved 1048576K
}
Event: 24.715 GC heap after
{Heap after GC invocations=64 (full 3):
 PSYoungGen      total 6144K, used 1515K [0x00000000eab00000, 0x00000000eb880000, 0x0000000100000000)
  eden space 4608K, 0% used [0x00000000eab00000,0x00000000eab00000,0x00000000eaf80000)
  from space 1536K, 98% used [0x00000000eb300000,0x00000000eb47ae40,0x00000000eb480000)
  to   space 3584K, 0% used [0x00000000eaf80000,0x00000000eaf80000,0x00000000eb300000)
 ParOldGen       total 84992K, used 76684K [0x00000000c0000000, 0x00000000c5300000, 0x00000000eab00000)
  object space 84992K, 90% used [0x00000000c0000000,0x00000000c4ae30b0,0x00000000c5300000)
 Metaspace       used 58720K, committed 60032K, reserved 1114112K
  class space    used 6281K, committed 6912K, reserved 1048576K
}
Event: 24.737 GC heap before
{Heap before GC invocations=65 (full 3):
 PSYoungGen      total 6144K, used 6123K [0x00000000eab00000, 0x00000000eb880000, 0x0000000100000000)
  eden space 4608K, 100% used [0x00000000eab00000,0x00000000eaf80000,0x00000000eaf80000)
  from space 1536K, 98% used [0x00000000eb300000,0x00000000eb47ae40,0x00000000eb480000)
  to   space 3584K, 0% used [0x00000000eaf80000,0x00000000eaf80000,0x00000000eb300000)
 ParOldGen       total 84992K, used 76684K [0x00000000c0000000, 0x00000000c5300000, 0x00000000eab00000)
  object space 84992K, 90% used [0x00000000c0000000,0x00000000c4ae30b0,0x00000000c5300000)
 Metaspace       used 58720K, committed 60032K, reserved 1114112K
  class space    used 6281K, committed 6912K, reserved 1048576K
}
Event: 24.740 GC heap after
{Heap after GC invocations=65 (full 3):
 PSYoungGen      total 6144K, used 1145K [0x00000000eab00000, 0x00000000eb380000, 0x0000000100000000)
  eden space 4608K, 0% used [0x00000000eab00000,0x00000000eab00000,0x00000000eaf80000)
  from space 1536K, 74% used [0x00000000eaf80000,0x00000000eb09e568,0x00000000eb100000)
  to   space 2048K, 0% used [0x00000000eb180000,0x00000000eb180000,0x00000000eb380000)
 ParOldGen       total 84992K, used 78150K [0x00000000c0000000, 0x00000000c5300000, 0x00000000eab00000)
  object space 84992K, 91% used [0x00000000c0000000,0x00000000c4c51820,0x00000000c5300000)
 Metaspace       used 58720K, committed 60032K, reserved 1114112K
  class space    used 6281K, committed 6912K, reserved 1048576K
}
Event: 24.767 GC heap before
{Heap before GC invocations=66 (full 3):
 PSYoungGen      total 6144K, used 5753K [0x00000000eab00000, 0x00000000eb380000, 0x0000000100000000)
  eden space 4608K, 100% used [0x00000000eab00000,0x00000000eaf80000,0x00000000eaf80000)
  from space 1536K, 74% used [0x00000000eaf80000,0x00000000eb09e568,0x00000000eb100000)
  to   space 2048K, 0% used [0x00000000eb180000,0x00000000eb180000,0x00000000eb380000)
 ParOldGen       total 84992K, used 78150K [0x00000000c0000000, 0x00000000c5300000, 0x00000000eab00000)
  object space 84992K, 91% used [0x00000000c0000000,0x00000000c4c51820,0x00000000c5300000)
 Metaspace       used 58720K, committed 60032K, reserved 1114112K
  class space    used 6281K, committed 6912K, reserved 1048576K
}
Event: 24.769 GC heap after
{Heap after GC invocations=66 (full 3):
 PSYoungGen      total 6144K, used 1188K [0x00000000eab00000, 0x00000000eb300000, 0x0000000100000000)
  eden space 4608K, 0% used [0x00000000eab00000,0x00000000eab00000,0x00000000eaf80000)
  from space 1536K, 77% used [0x00000000eb180000,0x00000000eb2a92b0,0x00000000eb300000)
  to   space 1536K, 0% used [0x00000000eaf80000,0x00000000eaf80000,0x00000000eb100000)
 ParOldGen       total 84992K, used 79191K [0x00000000c0000000, 0x00000000c5300000, 0x00000000eab00000)
  object space 84992K, 93% used [0x00000000c0000000,0x00000000c4d55d28,0x00000000c5300000)
 Metaspace       used 58720K, committed 60032K, reserved 1114112K
  class space    used 6281K, committed 6912K, reserved 1048576K
}
Event: 24.891 GC heap before
{Heap before GC invocations=67 (full 3):
 PSYoungGen      total 6144K, used 5796K [0x00000000eab00000, 0x00000000eb300000, 0x0000000100000000)
  eden space 4608K, 100% used [0x00000000eab00000,0x00000000eaf80000,0x00000000eaf80000)
  from space 1536K, 77% used [0x00000000eb180000,0x00000000eb2a92b0,0x00000000eb300000)
  to   space 1536K, 0% used [0x00000000eaf80000,0x00000000eaf80000,0x00000000eb100000)
 ParOldGen       total 84992K, used 79191K [0x00000000c0000000, 0x00000000c5300000, 0x00000000eab00000)
  object space 84992K, 93% used [0x00000000c0000000,0x00000000c4d55d28,0x00000000c5300000)
 Metaspace       used 58720K, committed 60032K, reserved 1114112K
  class space    used 6281K, committed 6912K, reserved 1048576K
}
Event: 24.893 GC heap after
{Heap after GC invocations=67 (full 3):
 PSYoungGen      total 6144K, used 1273K [0x00000000eab00000, 0x00000000eb280000, 0x0000000100000000)
  eden space 4608K, 0% used [0x00000000eab00000,0x00000000eab00000,0x00000000eaf80000)
  from space 1536K, 82% used [0x00000000eaf80000,0x00000000eb0be4e8,0x00000000eb100000)
  to   space 1536K, 0% used [0x00000000eb100000,0x00000000eb100000,0x00000000eb280000)
 ParOldGen       total 84992K, used 80216K [0x00000000c0000000, 0x00000000c5300000, 0x00000000eab00000)
  object space 84992K, 94% used [0x00000000c0000000,0x00000000c4e56128,0x00000000c5300000)
 Metaspace       used 58720K, committed 60032K, reserved 1114112K
  class space    used 6281K, committed 6912K, reserved 1048576K
}
Event: 24.997 GC heap before
{Heap before GC invocations=68 (full 3):
 PSYoungGen      total 6144K, used 5881K [0x00000000eab00000, 0x00000000eb280000, 0x0000000100000000)
  eden space 4608K, 100% used [0x00000000eab00000,0x00000000eaf80000,0x00000000eaf80000)
  from space 1536K, 82% used [0x00000000eaf80000,0x00000000eb0be4e8,0x00000000eb100000)
  to   space 1536K, 0% used [0x00000000eb100000,0x00000000eb100000,0x00000000eb280000)
 ParOldGen       total 84992K, used 80216K [0x00000000c0000000, 0x00000000c5300000, 0x00000000eab00000)
  object space 84992K, 94% used [0x00000000c0000000,0x00000000c4e56128,0x00000000c5300000)
 Metaspace       used 58724K, committed 60032K, reserved 1114112K
  class space    used 6281K, committed 6912K, reserved 1048576K
}
Event: 24.999 GC heap after
{Heap after GC invocations=68 (full 3):
 PSYoungGen      total 6144K, used 1109K [0x00000000eab00000, 0x00000000eb280000, 0x0000000100000000)
  eden space 4608K, 0% used [0x00000000eab00000,0x00000000eab00000,0x00000000eaf80000)
  from space 1536K, 72% used [0x00000000eb100000,0x00000000eb215650,0x00000000eb280000)
  to   space 1536K, 0% used [0x00000000eaf80000,0x00000000eaf80000,0x00000000eb100000)
 ParOldGen       total 84992K, used 81353K [0x00000000c0000000, 0x00000000c5300000, 0x00000000eab00000)
  object space 84992K, 95% used [0x00000000c0000000,0x00000000c4f727d0,0x00000000c5300000)
 Metaspace       used 58724K, committed 60032K, reserved 1114112K
  class space    used 6281K, committed 6912K, reserved 1048576K
}

