# JRE version: OpenJDK Runtime Environment Temurin-17.0.10+7 (17.0.10+7) (build 17.0.10+7)
# Java VM: OpenJDK 64-Bit Server VM Temurin-17.0.10+7 (17.0.10+7, mixed mode, tiered, compressed oops, compressed class ptrs, parallel gc, windows-amd64)
GC Precious Log:
 CPUs: 12 total, 12 available
 Memory: 7967M
 Large Page Support: Disabled
 NUMA Support: Disabled
 Compressed Oops: Enabled (32-bit)
 Alignments: Space 512K, Generation 512K, Heap 2M
 Heap Min Capacity: 100M
 Heap Initial Capacity: 100M
 Heap Max Capacity: 1G
 Pre-touch: Disabled
 Parallel Workers: 10
Heap:
 PSYoungGen      total 5120K, used 1547K [0x00000000eab00000, 0x00000000eb200000, 0x0000000100000000)
  eden space 3584K, 0% used [0x00000000eab00000,0x00000000eab08318,0x00000000eae80000)
  from space 1536K, 98% used [0x00000000eb080000,0x00000000eb1fa970,0x00000000eb200000)
  to   space 1536K, 0% used [0x00000000eae80000,0x00000000eae80000,0x00000000eb000000)
 ParOldGen       total 163840K, used 139332K [0x00000000c0000000, 0x00000000ca000000, 0x00000000eab00000)
  object space 163840K, 85% used [0x00000000c0000000,0x00000000c88111b8,0x00000000ca000000)
 Metaspace       used 66165K, committed 67456K, reserved 1114112K
  class space    used 7005K, committed 7552K, reserved 1048576K
GC Heap History (20 events):
Event: 21.072 GC heap before
{Heap before GC invocations=286 (full 8):
 PSYoungGen      total 3072K, used 2934K [0x00000000eab00000, 0x00000000eae80000, 0x0000000100000000)
  eden space 2560K, 99% used [0x00000000eab00000,0x00000000ead7ffe8,0x00000000ead80000)
  from space 512K, 73% used [0x00000000ead80000,0x00000000eaddda08,0x00000000eae00000)
  to   space 512K, 0% used [0x00000000eae00000,0x00000000eae00000,0x00000000eae80000)
 ParOldGen       total 163840K, used 130259K [0x00000000c0000000, 0x00000000ca000000, 0x00000000eab00000)
  object space 163840K, 79% used [0x00000000c0000000,0x00000000c7f34f80,0x00000000ca000000)
 Metaspace       used 65662K, committed 66944K, reserved 1114112K
  class space    used 6985K, committed 7552K, reserved 1048576K
}
Event: 21.074 GC heap after
{Heap after GC invocations=286 (full 8):
 PSYoungGen      total 2560K, used 494K [0x00000000eab00000, 0x00000000eb000000, 0x0000000100000000)
  eden space 2048K, 0% used [0x00000000eab00000,0x00000000eab00000,0x00000000ead00000)
  from space 512K, 96% used [0x00000000eae00000,0x00000000eae7b878,0x00000000eae80000)
  to   space 1024K, 0% used [0x00000000ead00000,0x00000000ead00000,0x00000000eae00000)
 ParOldGen       total 163840K, used 130353K [0x00000000c0000000, 0x00000000ca000000, 0x00000000eab00000)
  object space 163840K, 79% used [0x00000000c0000000,0x00000000c7f4c508,0x00000000ca000000)
 Metaspace       used 65662K, committed 66944K, reserved 1114112K
  class space    used 6985K, committed 7552K, reserved 1048576K
}
Event: 21.089 GC heap before
{Heap before GC invocations=287 (full 8):
 PSYoungGen      total 2560K, used 2542K [0x00000000eab00000, 0x00000000eb000000, 0x0000000100000000)
  eden space 2048K, 99% used [0x00000000eab00000,0x00000000eacfffd8,0x00000000ead00000)
  from space 512K, 96% used [0x00000000eae00000,0x00000000eae7b878,0x00000000eae80000)
  to   space 1024K, 0% used [0x00000000ead00000,0x00000000ead00000,0x00000000eae00000)
 ParOldGen       total 163840K, used 130353K [0x00000000c0000000, 0x00000000ca000000, 0x00000000eab00000)
  object space 163840K, 79% used [0x00000000c0000000,0x00000000c7f4c508,0x00000000ca000000)
 Metaspace       used 65751K, committed 67072K, reserved 1114112K
  class space    used 6987K, committed 7552K, reserved 1048576K
}
Event: 21.090 GC heap after
{Heap after GC invocations=287 (full 8):
 PSYoungGen      total 3072K, used 793K [0x00000000eab00000, 0x00000000eaf80000, 0x0000000100000000)
  eden space 2048K, 0% used [0x00000000eab00000,0x00000000eab00000,0x00000000ead00000)
  from space 1024K, 77% used [0x00000000ead00000,0x00000000eadc6458,0x00000000eae00000)
  to   space 1024K, 0% used [0x00000000eae80000,0x00000000eae80000,0x00000000eaf80000)
 ParOldGen       total 163840K, used 130579K [0x00000000c0000000, 0x00000000ca000000, 0x00000000eab00000)
  object space 163840K, 79% used [0x00000000c0000000,0x00000000c7f84c80,0x00000000ca000000)
 Metaspace       used 65751K, committed 67072K, reserved 1114112K
  class space    used 6987K, committed 7552K, reserved 1048576K
}
Event: 21.110 GC heap before
{Heap before GC invocations=288 (full 8):
 PSYoungGen      total 3072K, used 2841K [0x00000000eab00000, 0x00000000eaf80000, 0x0000000100000000)
  eden space 2048K, 100% used [0x00000000eab00000,0x00000000ead00000,0x00000000ead00000)
  from space 1024K, 77% used [0x00000000ead00000,0x00000000eadc6458,0x00000000eae00000)
  to   space 1024K, 0% used [0x00000000eae80000,0x00000000eae80000,0x00000000eaf80000)
 ParOldGen       total 163840K, used 130579K [0x00000000c0000000, 0x00000000ca000000, 0x00000000eab00000)
  object space 163840K, 79% used [0x00000000c0000000,0x00000000c7f84c80,0x00000000ca000000)
 Metaspace       used 65755K, committed 67072K, reserved 1114112K
  class space    used 6987K, committed 7552K, reserved 1048576K
}
Event: 21.112 GC heap after
{Heap after GC invocations=288 (full 8):
 PSYoungGen      total 3072K, used 1021K [0x00000000eab00000, 0x00000000eb080000, 0x0000000100000000)
  eden space 2048K, 0% used [0x00000000eab00000,0x00000000eab00000,0x00000000ead00000)
  from space 1024K, 99% used [0x00000000eae80000,0x00000000eaf7f4a8,0x00000000eaf80000)
  to   space 1536K, 0% used [0x00000000ead00000,0x00000000ead00000,0x00000000eae80000)
 ParOldGen       total 163840K, used 130611K [0x00000000c0000000, 0x00000000ca000000, 0x00000000eab00000)
  object space 163840K, 79% used [0x00000000c0000000,0x00000000c7f8ce10,0x00000000ca000000)
 Metaspace       used 65755K, committed 67072K, reserved 1114112K
  class space    used 6987K, committed 7552K, reserved 1048576K
}
Event: 21.134 GC heap before
{Heap before GC invocations=289 (full 8):
 PSYoungGen      total 3072K, used 3064K [0x00000000eab00000, 0x00000000eb080000, 0x0000000100000000)
  eden space 2048K, 99% used [0x00000000eab00000,0x00000000eacfef08,0x00000000ead00000)
  from space 1024K, 99% used [0x00000000eae80000,0x00000000eaf7f4a8,0x00000000eaf80000)
  to   space 1536K, 0% used [0x00000000ead00000,0x00000000ead00000,0x00000000eae80000)
 ParOldGen       total 163840K, used 130611K [0x00000000c0000000, 0x00000000ca000000, 0x00000000eab00000)
  object space 163840K, 79% used [0x00000000c0000000,0x00000000c7f8ce10,0x00000000ca000000)
 Metaspace       used 65931K, committed 67200K, reserved 1114112K
  class space    used 6992K, committed 7552K, reserved 1048576K
}
Event: 21.136 GC heap after
{Heap after GC invocations=289 (full 8):
 PSYoungGen      total 3584K, used 1535K [0x00000000eab00000, 0x00000000eb280000, 0x0000000100000000)
  eden space 2048K, 0% used [0x00000000eab00000,0x00000000eab00000,0x00000000ead00000)
  from space 1536K, 99% used [0x00000000ead00000,0x00000000eae7fe98,0x00000000eae80000)
  to   space 2560K, 0% used [0x00000000eb000000,0x00000000eb000000,0x00000000eb280000)
 ParOldGen       total 163840K, used 131193K [0x00000000c0000000, 0x00000000ca000000, 0x00000000eab00000)
  object space 163840K, 80% used [0x00000000c0000000,0x00000000c801e418,0x00000000ca000000)
 Metaspace       used 65931K, committed 67200K, reserved 1114112K
  class space    used 6992K, committed 7552K, reserved 1048576K
}
Event: 21.147 GC heap before
{Heap before GC invocations=290 (full 8):
 PSYoungGen      total 3584K, used 3583K [0x00000000eab00000, 0x00000000eb280000, 0x0000000100000000)
  eden space 2048K, 100% used [0x00000000eab00000,0x00000000ead00000,0x00000000ead00000)
  from space 1536K, 99% used [0x00000000ead00000,0x00000000eae7fe98,0x00000000eae80000)
  to   space 2560K, 0% used [0x00000000eb000000,0x00000000eb000000,0x00000000eb280000)
 ParOldGen       total 163840K, used 131193K [0x00000000c0000000, 0x00000000ca000000, 0x00000000eab00000)
  object space 163840K, 80% used [0x00000000c0000000,0x00000000c801e418,0x00000000ca000000)
 Metaspace       used 65939K, committed 67200K, reserved 1114112K
  class space    used 6994K, committed 7552K, reserved 1048576K
}
Event: 21.149 GC heap after
{Heap after GC invocations=290 (full 8):
 PSYoungGen      total 3584K, used 518K [0x00000000eab00000, 0x00000000eb100000, 0x0000000100000000)
  eden space 2560K, 0% used [0x00000000eab00000,0x00000000eab00000,0x00000000ead80000)
  from space 1024K, 50% used [0x00000000eb000000,0x00000000eb081a80,0x00000000eb100000)
  to   space 1536K, 0% used [0x00000000eae00000,0x00000000eae00000,0x00000000eaf80000)
 ParOldGen       total 163840K, used 133538K [0x00000000c0000000, 0x00000000ca000000, 0x00000000eab00000)
  object space 163840K, 81% used [0x00000000c0000000,0x00000000c82689a0,0x00000000ca000000)
 Metaspace       used 65939K, committed 67200K, reserved 1114112K
  class space    used 6994K, committed 7552K, reserved 1048576K
}
Event: 21.156 GC heap before
{Heap before GC invocations=291 (full 8):
 PSYoungGen      total 3584K, used 3078K [0x00000000eab00000, 0x00000000eb100000, 0x0000000100000000)
  eden space 2560K, 100% used [0x00000000eab00000,0x00000000ead80000,0x00000000ead80000)
  from space 1024K, 50% used [0x00000000eb000000,0x00000000eb081a80,0x00000000eb100000)
  to   space 1536K, 0% used [0x00000000eae00000,0x00000000eae00000,0x00000000eaf80000)
 ParOldGen       total 163840K, used 133538K [0x00000000c0000000, 0x00000000ca000000, 0x00000000eab00000)
  object space 163840K, 81% used [0x00000000c0000000,0x00000000c82689a0,0x00000000ca000000)
 Metaspace       used 65950K, committed 67200K, reserved 1114112K
  class space    used 6995K, committed 7552K, reserved 1048576K
}
Event: 21.158 GC heap after
{Heap after GC invocations=291 (full 8):
 PSYoungGen      total 4608K, used 640K [0x00000000eab00000, 0x00000000eb080000, 0x0000000100000000)
  eden space 3072K, 0% used [0x00000000eab00000,0x00000000eab00000,0x00000000eae00000)
  from space 1536K, 41% used [0x00000000eae00000,0x00000000eaea0000,0x00000000eaf80000)
  to   space 1024K, 0% used [0x00000000eaf80000,0x00000000eaf80000,0x00000000eb080000)
 ParOldGen       total 163840K, used 133538K [0x00000000c0000000, 0x00000000ca000000, 0x00000000eab00000)
  object space 163840K, 81% used [0x00000000c0000000,0x00000000c82689a0,0x00000000ca000000)
 Metaspace       used 65950K, committed 67200K, reserved 1114112K
  class space    used 6995K, committed 7552K, reserved 1048576K
}
Event: 21.174 GC heap before
{Heap before GC invocations=292 (full 8):
 PSYoungGen      total 4608K, used 3712K [0x00000000eab00000, 0x00000000eb080000, 0x0000000100000000)
  eden space 3072K, 100% used [0x00000000eab00000,0x00000000eae00000,0x00000000eae00000)
  from space 1536K, 41% used [0x00000000eae00000,0x00000000eaea0000,0x00000000eaf80000)
  to   space 1024K, 0% used [0x00000000eaf80000,0x00000000eaf80000,0x00000000eb080000)
 ParOldGen       total 163840K, used 133538K [0x00000000c0000000, 0x00000000ca000000, 0x00000000eab00000)
  object space 163840K, 81% used [0x00000000c0000000,0x00000000c82689a0,0x00000000ca000000)
 Metaspace       used 66047K, committed 67328K, reserved 1114112K
  class space    used 6999K, committed 7552K, reserved 1048576K
}
Event: 21.177 GC heap after
{Heap after GC invocations=292 (full 8):
 PSYoungGen      total 4096K, used 994K [0x00000000eab00000, 0x00000000eb180000, 0x0000000100000000)
  eden space 3072K, 0% used [0x00000000eab00000,0x00000000eab00000,0x00000000eae00000)
  from space 1024K, 97% used [0x00000000eaf80000,0x00000000eb0789b8,0x00000000eb080000)
  to   space 1536K, 0% used [0x00000000eae00000,0x00000000eae00000,0x00000000eaf80000)
 ParOldGen       total 163840K, used 133562K [0x00000000c0000000, 0x00000000ca000000, 0x00000000eab00000)
  object space 163840K, 81% used [0x00000000c0000000,0x00000000c826e9a0,0x00000000ca000000)
 Metaspace       used 66047K, committed 67328K, reserved 1114112K
  class space    used 6999K, committed 7552K, reserved 1048576K
}
Event: 21.203 GC heap before
{Heap before GC invocations=293 (full 8):
 PSYoungGen      total 4096K, used 4066K [0x00000000eab00000, 0x00000000eb180000, 0x0000000100000000)
  eden space 3072K, 100% used [0x00000000eab00000,0x00000000eae00000,0x00000000eae00000)
  from space 1024K, 97% used [0x00000000eaf80000,0x00000000eb0789b8,0x00000000eb080000)
  to   space 1536K, 0% used [0x00000000eae00000,0x00000000eae00000,0x00000000eaf80000)
 ParOldGen       total 163840K, used 133562K [0x00000000c0000000, 0x00000000ca000000, 0x00000000eab00000)
  object space 163840K, 81% used [0x00000000c0000000,0x00000000c826e9a0,0x00000000ca000000)
 Metaspace       used 66100K, committed 67392K, reserved 1114112K
  class space    used 7004K, committed 7552K, reserved 1048576K
}
Event: 21.205 GC heap after
{Heap after GC invocations=293 (full 8):
 PSYoungGen      total 4608K, used 1230K [0x00000000eab00000, 0x00000000eb180000, 0x0000000100000000)
  eden space 3072K, 0% used [0x00000000eab00000,0x00000000eab00000,0x00000000eae00000)
  from space 1536K, 80% used [0x00000000eae00000,0x00000000eaf33988,0x00000000eaf80000)
  to   space 1536K, 0% used [0x00000000eb000000,0x00000000eb000000,0x00000000eb180000)
 ParOldGen       total 163840K, used 134073K [0x00000000c0000000, 0x00000000ca000000, 0x00000000eab00000)
  object space 163840K, 81% used [0x00000000c0000000,0x00000000c82ee6c0,0x00000000ca000000)
 Metaspace       used 66100K, committed 67392K, reserved 1114112K
  class space    used 7004K, committed 7552K, reserved 1048576K
}
Event: 21.226 GC heap before
{Heap before GC invocations=294 (full 8):
 PSYoungGen      total 4608K, used 4302K [0x00000000eab00000, 0x00000000eb180000, 0x0000000100000000)
  eden space 3072K, 100% used [0x00000000eab00000,0x00000000eae00000,0x00000000eae00000)
  from space 1536K, 80% used [0x00000000eae00000,0x00000000eaf33988,0x00000000eaf80000)
  to   space 1536K, 0% used [0x00000000eb000000,0x00000000eb000000,0x00000000eb180000)
 ParOldGen       total 163840K, used 135622K [0x00000000c0000000, 0x00000000ca000000, 0x00000000eab00000)
  object space 163840K, 82% used [0x00000000c0000000,0x00000000c8471a30,0x00000000ca000000)
 Metaspace       used 66109K, committed 67392K, reserved 1114112K
  class space    used 7005K, committed 7552K, reserved 1048576K
}
Event: 21.228 GC heap after
{Heap after GC invocations=294 (full 8):
 PSYoungGen      total 4608K, used 1532K [0x00000000eab00000, 0x00000000eb180000, 0x0000000100000000)
  eden space 3072K, 0% used [0x00000000eab00000,0x00000000eab00000,0x00000000eae00000)
  from space 1536K, 99% used [0x00000000eb000000,0x00000000eb17f2b8,0x00000000eb180000)
  to   space 1536K, 0% used [0x00000000eae00000,0x00000000eae00000,0x00000000eaf80000)
 ParOldGen       total 163840K, used 135811K [0x00000000c0000000, 0x00000000ca000000, 0x00000000eab00000)
  object space 163840K, 82% used [0x00000000c0000000,0x00000000c84a0f20,0x00000000ca000000)
 Metaspace       used 66109K, committed 67392K, reserved 1114112K
  class space    used 7005K, committed 7552K, reserved 1048576K
}
Event: 21.246 GC heap before
{Heap before GC invocations=295 (full 8):
 PSYoungGen      total 4608K, used 4408K [0x00000000eab00000, 0x00000000eb180000, 0x0000000100000000)
  eden space 3072K, 93% used [0x00000000eab00000,0x00000000eadcef80,0x00000000eae00000)
  from space 1536K, 99% used [0x00000000eb000000,0x00000000eb17f2b8,0x00000000eb180000)
  to   space 1536K, 0% used [0x00000000eae00000,0x00000000eae00000,0x00000000eaf80000)
 ParOldGen       total 163840K, used 135811K [0x00000000c0000000, 0x00000000ca000000, 0x00000000eab00000)
  object space 163840K, 82% used [0x00000000c0000000,0x00000000c84a0f20,0x00000000ca000000)
 Metaspace       used 66109K, committed 67392K, reserved 1114112K
  class space    used 7005K, committed 7552K, reserved 1048576K
}
Event: 21.248 GC heap after
{Heap after GC invocations=295 (full 8):
 PSYoungGen      total 4608K, used 1504K [0x00000000eab00000, 0x00000000eb180000, 0x0000000100000000)
  eden space 3072K, 0% used [0x00000000eab00000,0x00000000eab00000,0x00000000eae00000)
  from space 1536K, 97% used [0x00000000eae00000,0x00000000eaf781d0,0x00000000eaf80000)
  to   space 1536K, 0% used [0x00000000eb000000,0x00000000eb000000,0x00000000eb180000)
 ParOldGen       total 163840K, used 136893K [0x00000000c0000000, 0x00000000ca000000, 0x00000000eab00000)
  object space 163840K, 83% used [0x00000000c0000000,0x00000000c85af468,0x00000000ca000000)
 Metaspace       used 66109K, committed 67392K, reserved 1114112K
  class space    used 7005K, committed 7552K, reserved 1048576K
}

