<?xml version="1.0" encoding="UTF-8"?>
<testsuite xmlns:xsi="http://www.w3.org/2001/XMLSchema-instance" xsi:noNamespaceSchemaLocation="https://maven.apache.org/surefire/maven-surefire-plugin/xsd/surefire-test-report-3.0.xsd" version="3.0" name="com.banquito.core.baking.cuenta.CuentaApplicationTests" time="11.241" tests="1" errors="0" skipped="0" failures="0">
  <properties>
[...]
</properties>
  <testcase name="contextLoads" classname="com.banquito.core.baking.cuenta.CuentaApplicationTests" time="0.312">
    <system-out><![CDATA[Standard Commons Logging discovery in action with spring-jcl: please remove commons-logging.jar from classpath in order to avoid potential conflicts
2024-03-17T10:56:15.181-05:00  INFO   --- [           main] t.c.s.AnnotationConfigContextLoaderUtils : Could not detect default configuration classes for test class [com.banquito.core.baking.cuenta.CuentaApplicationTests]: CuentaApplicationTests does not declare any static, non-private, non-final, nested classes annotated with @Configuration.
2024-03-17T10:56:15.253-05:00  INFO   --- [           main] .b.t.c.SpringBootTestContextBootstrapper : Found @SpringBootConfiguration com.banquito.core.baking.cuenta.CuentaApplication for test class com.banquito.core.baking.cuenta.CuentaApplicationTests

  .   ____          _            __ _ _
 /\\ / ___'_ __ _ _(_)_ __  __ _ \ \ \ \
( ( )\___ | '_ | '_| | '_ \/ _` | \ \ \ \
 \\/  ___)| |_)| | | | | || (_| |  ) ) ) )
  '  |____| .__|_| |_|_| |_\__, | / / / /
 =========|_|==============|___/=/_/_/_/
 :: Spring Boot ::                (v3.2.2)

2024-03-17T10:56:15.578-05:00  INFO 39380 --- [           main] c.b.c.b.cuenta.CuentaApplicationTests    : Starting CuentaApplicationTests using Java 21.0.1 with PID 39380 (started by hecto in c:\Users\hecto\Documents\GitHub\ARQUITECTURA\cuentas)
2024-03-17T10:56:15.579-05:00  INFO 39380 --- [           main] c.b.c.b.cuenta.CuentaApplicationTests    : The following 1 profile is active: "local"
2024-03-17T10:56:16.332-05:00  INFO 39380 --- [           main] .s.d.r.c.RepositoryConfigurationDelegate : Bootstrapping Spring Data JPA repositories in DEFAULT mode.
2024-03-17T10:56:16.437-05:00  INFO 39380 --- [           main] .s.d.r.c.RepositoryConfigurationDelegate : Finished Spring Data repository scanning in 97 ms. Found 7 JPA repository interfaces.
2024-03-17T10:56:16.863-05:00  WARN 39380 --- [           main] trationDelegate$BeanPostProcessorChecker : Bean 'com.azure.spring.cloud.autoconfigure.implementation.jdbc.AzureJdbcAutoConfiguration' of type [com.azure.spring.cloud.autoconfigure.implementation.jdbc.AzureJdbcAutoConfiguration] is not eligible for getting processed by all BeanPostProcessors (for example: not eligible for auto-proxying). Is this bean getting eagerly injected into a currently created BeanPostProcessor []? Check the corresponding BeanPostProcessor declaration and its dependencies.
2024-03-17T10:56:16.867-05:00  WARN 39380 --- [           main] trationDelegate$BeanPostProcessorChecker : Bean 'springTokenCredentialProviderContextProvider' of type [com.azure.spring.cloud.autoconfigure.implementation.jdbc.SpringTokenCredentialProviderContextProvider] is not eligible for getting processed by all BeanPostProcessors (for example: not eligible for auto-proxying). Is this bean getting eagerly injected into a currently created BeanPostProcessor []? Check the corresponding BeanPostProcessor declaration and its dependencies.
2024-03-17T10:56:17.086-05:00  INFO 39380 --- [           main] com.zaxxer.hikari.HikariDataSource       : HikariPool-1 - Starting...
2024-03-17T10:56:21.417-05:00  INFO 39380 --- [           main] com.zaxxer.hikari.pool.HikariPool        : HikariPool-1 - Added connection org.postgresql.jdbc.PgConnection@6d80e411
2024-03-17T10:56:21.419-05:00  INFO 39380 --- [           main] com.zaxxer.hikari.HikariDataSource       : HikariPool-1 - Start completed.
2024-03-17T10:56:21.459-05:00  INFO 39380 --- [           main] o.hibernate.jpa.internal.util.LogHelper  : HHH000204: Processing PersistenceUnitInfo [name: default]
2024-03-17T10:56:21.501-05:00  INFO 39380 --- [           main] org.hibernate.Version                    : HHH000412: Hibernate ORM core version 6.4.1.Final
2024-03-17T10:56:21.522-05:00  INFO 39380 --- [           main] o.h.c.internal.RegionFactoryInitiator    : HHH000026: Second-level cache disabled
2024-03-17T10:56:21.675-05:00  INFO 39380 --- [           main] o.s.o.j.p.SpringPersistenceUnitInfo      : No LoadTimeWeaver setup: ignoring JPA class transformer
2024-03-17T10:56:22.524-05:00  WARN 39380 --- [           main] org.hibernate.orm.deprecation            : HHH90000025: PostgreSQLDialect does not need to be specified explicitly using 'hibernate.dialect' (remove the property setting and it will be selected by default)
2024-03-17T10:56:22.992-05:00  WARN 39380 --- [           main] org.hibernate.mapping.RootClass          : HHH000038: Composite-id class does not override equals(): com.banquito.core.baking.cuenta.domain.CuentaIntervinientesPK
2024-03-17T10:56:22.993-05:00  WARN 39380 --- [           main] org.hibernate.mapping.RootClass          : HHH000039: Composite-id class does not override hashCode(): com.banquito.core.baking.cuenta.domain.CuentaIntervinientesPK
2024-03-17T10:56:23.403-05:00  INFO 39380 --- [           main] o.h.e.t.j.p.i.JtaPlatformInitiator       : HHH000489: No JTA platform available (set 'hibernate.transaction.jta.platform' to enable JTA platform integration)
2024-03-17T10:56:23.405-05:00  INFO 39380 --- [           main] j.LocalContainerEntityManagerFactoryBean : Initialized JPA EntityManagerFactory for persistence unit 'default'
2024-03-17T10:56:24.303-05:00  WARN 39380 --- [           main] JpaBaseConfiguration$JpaWebConfiguration : spring.jpa.open-in-view is enabled by default. Therefore, database queries may be performed during view rendering. Explicitly configure spring.jpa.open-in-view to disable this warning
2024-03-17T10:56:24.998-05:00  INFO 39380 --- [           main] AbstractAzureServiceClientBuilderFactory : Will configure the default credential of type DefaultAzureCredential for class com.azure.identity.DefaultAzureCredentialBuilder.
2024-03-17T10:56:25.037-05:00  WARN 39380 --- [           main] c.a.c.http.netty.implementation.Utility  : The following Netty dependencies have versions that do not match the versions specified in the azure-core-http-netty pom.xml file. This may result in unexpected behavior. If your application runs without issue this message can be ignored, otherwise please update the Netty dependencies to match the versions specified in the pom.xml file. Versions found in runtime: 'io.netty:netty-common' version: 4.1.105.Final (expected: 4.1.101.Final),'io.netty:netty-handler' version: 4.1.105.Final (expected: 4.1.101.Final),'io.netty:netty-handler-proxy' version: 4.1.105.Final (expected: 4.1.101.Final),'io.netty:netty-buffer' version: 4.1.105.Final (expected: 4.1.101.Final),'io.netty:netty-codec' version: 4.1.105.Final (expected: 4.1.101.Final),'io.netty:netty-codec-http' version: 4.1.105.Final (expected: 4.1.101.Final),'io.netty:netty-codec-http2' version: 4.1.105.Final (expected: 4.1.101.Final),'io.netty:netty-transport-native-unix-common' version: 4.1.105.Final (expected: 4.1.101.Final),'io.netty:netty-transport-native-epoll' version: 4.1.105.Final (expected: 4.1.101.Final),'io.netty:netty-transport-native-kqueue' version: 4.1.105.Final (expected: 4.1.101.Final)
2024-03-17T10:56:25.676-05:00  INFO 39380 --- [           main] o.s.b.a.e.web.EndpointLinksResolver      : Exposing 6 endpoint(s) beneath base path '/actuator'
2024-03-17T10:56:25.739-05:00  INFO 39380 --- [           main] c.b.c.b.cuenta.CuentaApplicationTests    : Started CuentaApplicationTests in 10.401 seconds (process running for 11.301)
]]></system-out>
    <system-err><![CDATA[WARNING: A Java agent has been loaded dynamically (C:\Users\hecto\.m2\repository\net\bytebuddy\byte-buddy-agent\1.14.11\byte-buddy-agent-1.14.11.jar)
WARNING: If a serviceability tool is in use, please run with -XX:+EnableDynamicAgentLoading to hide this warning
WARNING: If a serviceability tool is not in use, please run with -Djdk.instrument.traceUsage for more information
WARNING: Dynamic loading of agents will be disallowed by default in a future release
]]></system-err>
  </testcase>
</testsuite>